###############################################################
#  Generated by:      Cadence Innovus 15.23-s045_1
#  OS:                Linux x86_64(Host ID ieng6-ece-11.ucsd.edu)
#  Generated on:      Sun Mar  4 22:06:03 2018
#  Design:            mpeg2_top
#  Command:           report_timing > mpeg2_top_size_timing.rpt
###############################################################
Path 1: VIOLATED Setup Check with Pin regtop_g_mem_rd_r_reg_7_/ck 
Endpoint:   regtop_g_mem_rd_r_reg_7_/d (v) checked with  leading edge of 'clk'
Beginpoint: regtop_v1_hdi00_a_reg_5_/o (^) triggered by  leading edge of 'clk'
Path Groups: {clk}
Analysis View: WC_VIEW
Other End Arrival Time          0.000
- Setup                         0.000
+ Phase Shift                 840.000
+ CPPR Adjustment               0.000
= Required Time               840.000
- Arrival Time                864.400
= Slack Time                  -24.400
     Clock Rise Edge                 0.000
     + Clock Network Latency (Ideal) 0.000
     = Beginpoint Arrival Time       0.000
     +---------------------------------------------------------------------------------+ 
     |         Instance         |     Arc     |  Cell   |  Delay  | Arrival | Required | 
     |                          |             |         |         |  Time   |   Time   | 
     |--------------------------+-------------+---------+---------+---------+----------| 
     | regtop_v1_hdi00_a_reg_5_ | ck ^        |         |         |   0.000 |  -24.400 | 
     | regtop_v1_hdi00_a_reg_5_ | ck ^ -> o ^ | ms00f80 |  17.100 |  17.100 |   -7.300 | 
     | U262961                  | a ^ -> o v  | in01m03 |  44.700 |  61.800 |   37.400 | 
     | U261667                  | c v -> o ^  | na03m01 |  35.200 |  97.000 |   72.600 | 
     | FE_OFC27_n251337         | a ^ -> o v  | in01f01 |  40.600 | 137.600 |  113.200 | 
     | FE_OFC28_n251337         | a v -> o ^  | in01s06 |  52.000 | 189.600 |  165.200 | 
     | U266782                  | b ^ -> o v  | no02m01 |  34.300 | 223.900 |  199.500 | 
     | FE_OFC71_n248119         | a v -> o ^  | in01m01 |  63.000 | 286.900 |  262.500 | 
     | FE_OFC72_n248119         | a ^ -> o v  | in01s03 |  68.700 | 355.600 |  331.200 | 
     | U267719                  | a v -> o ^  | ao22s01 |  93.400 | 449.000 |  424.600 | 
     | U265090                  | c ^ -> o v  | na04s02 | 141.200 | 590.200 |  565.800 | 
     | U265088                  | a v -> o ^  | no04m01 | 175.700 | 765.900 |  741.500 | 
     | U267748                  | a ^ -> o v  | na02m02 |  98.500 | 864.400 |  840.000 | 
     | regtop_g_mem_rd_r_reg_7_ | d v         | ms00f80 |   0.000 | 864.400 |  840.000 | 
     +---------------------------------------------------------------------------------+ 

