
Power Net Detected:
    Voltage	    Name
    0.00V	    gnd
    0.00V	    vdd
    0.00V	    VSS
    0.70V	    VDD
Load RC corner of view WC_VIEW

Begin Power Analysis

    0.00V	    gnd
    0.00V	    vdd
    0.00V	    VSS
    0.70V	    VDD

Warning:
  There are 4 power/gnd nets that are not connected
gnd vdd VSS VDD ...
Use 'globalNetConnect' to define rail connections.
** WARN:  (VOLTUS_POWR-2035): There are 4 power/gnd nets that are not connected
gnd vdd VSS VDD ...
Use 'globalNetConnect' to define rail connections.



Begin Processing Timing Library for Power Calculation

Begin Processing Timing Library for Power Calculation



Begin Processing Power Net/Grid for Power Calculation

Ended Processing Power Net/Grid for Power Calculation: (cpu=0:00:00, real=0:00:00, mem(process/total)=684.41MB/684.41MB)

Begin Processing Timing Window Data for Power Calculation

clk(1190.48MHz) CK: assigning clock clk to net clk
Ended Processing Timing Window Data for Power Calculation: (cpu=0:00:00, real=0:00:01, mem(process/total)=689.76MB/689.76MB)

Begin Processing User Attributes

Ended Processing User Attributes: (cpu=0:00:00, real=0:00:00, mem(process/total)=689.79MB/689.79MB)

Begin Processing Signal Activity


Starting Levelizing
2018-Mar-04 22:04:04 (2018-Mar-05 06:04:04 GMT)
2018-Mar-04 22:04:05 (2018-Mar-05 06:04:05 GMT): 10%
2018-Mar-04 22:04:05 (2018-Mar-05 06:04:05 GMT): 20%
2018-Mar-04 22:04:05 (2018-Mar-05 06:04:05 GMT): 30%
2018-Mar-04 22:04:05 (2018-Mar-05 06:04:05 GMT): 40%
2018-Mar-04 22:04:05 (2018-Mar-05 06:04:05 GMT): 50%
2018-Mar-04 22:04:05 (2018-Mar-05 06:04:05 GMT): 60%
2018-Mar-04 22:04:05 (2018-Mar-05 06:04:05 GMT): 70%
2018-Mar-04 22:04:05 (2018-Mar-05 06:04:05 GMT): 80%
2018-Mar-04 22:04:05 (2018-Mar-05 06:04:05 GMT): 90%

Finished Levelizing
2018-Mar-04 22:04:05 (2018-Mar-05 06:04:05 GMT)

Starting Activity Propagation
2018-Mar-04 22:04:05 (2018-Mar-05 06:04:05 GMT)
** INFO:  (VOLTUS_POWR-1356): No default input activity has been set. Defaulting to 0.2.
Use 'set_default_switching_activity -input_activity' command to change the default activity value.

2018-Mar-04 22:04:06 (2018-Mar-05 06:04:06 GMT): 10%
2018-Mar-04 22:04:06 (2018-Mar-05 06:04:06 GMT): 20%
2018-Mar-04 22:04:06 (2018-Mar-05 06:04:06 GMT): 30%
2018-Mar-04 22:04:07 (2018-Mar-05 06:04:07 GMT): 40%
2018-Mar-04 22:04:07 (2018-Mar-05 06:04:07 GMT): 50%
2018-Mar-04 22:04:07 (2018-Mar-05 06:04:07 GMT): 60%
2018-Mar-04 22:04:07 (2018-Mar-05 06:04:07 GMT): 70%
2018-Mar-04 22:04:07 (2018-Mar-05 06:04:07 GMT): 80%
2018-Mar-04 22:04:07 (2018-Mar-05 06:04:07 GMT): 90%

Finished Activity Propagation
2018-Mar-04 22:04:08 (2018-Mar-05 06:04:08 GMT)
Ended Processing Signal Activity: (cpu=0:00:00, real=0:00:03, mem(process/total)=692.48MB/692.48MB)

Begin Power Computation

      ----------------------------------------------------------
      # of cell(s) missing both power/leakage table: 0
      # of cell(s) missing power table: 107
      # of cell(s) missing leakage table: 0
      # of MSMV cell(s) missing power_level: 0
      ----------------------------------------------------------
CellName                                  Missing Table(s)
ao12f01                                   internal power, 
ao12f02                                   internal power, 
ao12f04                                   internal power, 
ao12f06                                   internal power, 
ao12f08                                   internal power, 
ao12m01                                   internal power, 
ao12s01                                   internal power, 
ao12s02                                   internal power, 
ao22f01                                   internal power, 
ao22f02                                   internal power, 
ao22f03                                   internal power, 
ao22f04                                   internal power, 
ao22f06                                   internal power, 
ao22f08                                   internal power, 
ao22m01                                   internal power, 
ao22m02                                   internal power, 
ao22s01                                   internal power, 
ao22s02                                   internal power, 
in01f01                                   internal power, 
in01f02                                   internal power, 
first few are printed here, for detail please refer voltus.logv



Starting Calculating power
2018-Mar-04 22:04:08 (2018-Mar-05 06:04:08 GMT)
 ... Calculating switching power
  instance regtop_v1_hpb_rd_reg_31_ is not connected to any rail
  instance regtop_v1_hpb_rd_reg_30_ is not connected to any rail
  instance regtop_v1_hpb_rd_reg_29_ is not connected to any rail
  instance regtop_v1_hpb_rd_reg_28_ is not connected to any rail
  instance regtop_v1_hpb_rd_reg_27_ is not connected to any rail
  only first five unconnected instances are listed...
2018-Mar-04 22:04:08 (2018-Mar-05 06:04:08 GMT): 10%
2018-Mar-04 22:04:08 (2018-Mar-05 06:04:08 GMT): 20%
2018-Mar-04 22:04:08 (2018-Mar-05 06:04:08 GMT): 30%
2018-Mar-04 22:04:09 (2018-Mar-05 06:04:09 GMT): 40%
2018-Mar-04 22:04:09 (2018-Mar-05 06:04:09 GMT): 50%
 ... Calculating internal and leakage power
2018-Mar-04 22:04:09 (2018-Mar-05 06:04:09 GMT): 60%
2018-Mar-04 22:04:10 (2018-Mar-05 06:04:10 GMT): 70%
2018-Mar-04 22:04:10 (2018-Mar-05 06:04:10 GMT): 80%
2018-Mar-04 22:04:11 (2018-Mar-05 06:04:11 GMT): 90%

Finished Calculating power
2018-Mar-04 22:04:11 (2018-Mar-05 06:04:11 GMT)
Ended Power Computation: (cpu=0:00:00, real=0:00:03, mem(process/total)=692.76MB/692.76MB)

Begin Processing User Attributes

Ended Processing User Attributes: (cpu=0:00:00, real=0:00:00, mem(process/total)=692.79MB/692.79MB)

Ended Power Analysis: (cpu=0:00:02, real=0:00:08, mem(process/total)=692.80MB/692.80MB)

Begin Static Power Report Generation
*----------------------------------------------------------------------------------------
*	Innovus 15.23-s045_1 (64bit) 04/22/2016 12:32 (Linux 2.6.18-194.el5)
*	
*
* 	Date & Time:	2018-Mar-04 22:04:11 (2018-Mar-05 06:04:11 GMT)
*
*----------------------------------------------------------------------------------------
*
*	Design: mpeg2_top
*
*	Liberty Libraries used:
*	        WC_VIEW: /home/linux/ieng6/ee260b/public/data/libraries/lib/contest.lib
*
*	Power Domain used:
*
*       Power View : WC_VIEW
*
*       User-Defined Activity : N.A.
*
*       Activity File: N.A.
*
*       Hierarchical Global Activity: N.A.
*
*       Global Activity: N.A.
*
*       Sequential Element Activity: N.A.
*
*       Primary Input Activity: 0.200000
*
*       Default icg ratio: N.A.
*
*       Global Comb ClockGate Ratio: N.A.
*
*	Power Units = 1mW
*
*	Time Units = 1e-12 secs
*
*       report_power
*
-----------------------------------------------------------------------------------------


Total Power
-----------------------------------------------------------------------------------------
Total Internal Power:        0.00000000 	    0.0000%
Total Switching Power:       2.68735206 	    1.1161%
Total Leakage Power:       238.09599462 	   98.8839%
Total Power:               240.78334674
-----------------------------------------------------------------------------------------


Group                           Internal   Switching     Leakage       Total  Percentage 
                                Power      Power         Power         Power  (%)        
-----------------------------------------------------------------------------------------
Sequential                             0       1.076           0       1.076       0.447
Macro                                  0           0           0           0           0
IO                                     0           0           0           0           0
Combinational                          0       1.611       238.1       239.7       99.55
Clock (Combinational)                  0           0           0           0           0
Clock (Sequential)                     0           0           0           0           0
-----------------------------------------------------------------------------------------
Total                                  0       2.687       238.1       240.8         100
-----------------------------------------------------------------------------------------


Rail                  Voltage   Internal   Switching     Leakage       Total  Percentage 
                                Power      Power         Power         Power  (%)        
-----------------------------------------------------------------------------------------
Default                   0.7          0       2.687       238.1       240.8         100
 
 
-----------------------------------------------------------------------------------------
*	Power Distribution Summary: 
* 		Highest Average Power:                   U265700 (no02f80): 	     3.074
* 		Highest Leakage Power:                   U268419 (na02f80): 	     3.072
* 		Total Cap: 	6.49165e-11 F
* 		Total instances in design: 14172
* 		Total instances in design with no power:     0
*                Total instances in design with no activty:     0

* 		Total Fillers and Decap:     0
-----------------------------------------------------------------------------------------
 
Ended Static Power Report Generation: (cpu=0:00:00, real=0:00:01,
mem(process/total)=693.02MB/693.02MB)

