no04f06: 10000
no04f04: 10000
na02f08: 10000
oa22f02: 10000
ao22f02: 10000
no04f02: 10000
no02f04: 10000
ao12f02: 10000
no02f04: 10000
no03f03: 10000
oa12f02: 10000
ao12f02: 10000
ao12f02: 10000
ao12f02: 10000
no02f04: 10000
ao22f01: 10000
ao22f01: 10000
ao12f02: 10000
oa12f02: 10000
ao22f01: 10000
no02f03: 10000
no04f02: 10000
ao12f02: 10000
ao22f01: 10000
oa22f01: 10000
na02f03: 10000
ao22f01: 10000
na03f02: 10000
oa22f01: 10000
ao12f01: 10000
in01f04: 10000
na03f02: 10000
no02f02: 10000
ao12f01: 10000
ao22f01: 10000
oa22f01: 10000
ao12f01: 10000
na02f02: 10000
no02f02: 10000
no02f02: 10000
ao22f01: 10000
oa22f01: 10000
no02f02: 10000
no02f02: 10000
oa12f01: 10000
na02f02: 10000
no02f02: 10000
na02f02: 10000
no02f02: 10000
ao12f01: 10000
oa12f01: 10000
na03f01: 10000
no02f01: 10000
ao12f01: 10000
in01f03: 10000
na02f01: 10000
na02f02: 10000
ao12f01: 10000
no02f02: 10000
oa12f01: 10000
oa12f01: 10000
in01f02: 10000
no02f01: 10000
na02f01: 10000
in01f02: 10000
no02f01: 10000
in01f02: 10000
na02f01: 10000
na02f01: 10000
no02f01: 10000
na02f01: 10000
in01f02: 10000
na02f01: 10000
in01f02: 10000
in01f02: 10000
no02f01: 10000
na03m02: 10000
oa12m02: 10000
na03m02: 10000
na03m02: 10000
na02m03: 10000
in01f01: 10000
in01f01: 10000
oa12m02: 10000
in01f01: 10000
in01f01: 10000
in01f01: 10000
no02m02: 10000
oa22m01: 10000
oa22m01: 10000
in01f01: 10000
na03m02: 10000
in01f01: 10000
na03m01: 10000
na02m02: 10000
no02m02: 10000
oa12m01: 10000
oa12m01: 10000
no02m02: 10000
oa12m01: 10000
na02m02: 10000
oa12m01: 10000
no02m02: 10000
no02m02: 10000
na02m02: 10000
na02m02: 10000
no02m02: 10000
no02m02: 10000
na02m01: 10000
in01m02: 10000
in01m02: 10000
na02m01: 10000
na02m01: 10000
in01m01: 10000
in01m01: 10000
no02s02: 10000
in01s01: 10000
in01s01: 10000
no02s01: 10000
in01s01: 10000
in01s01: 10000
in01s01: 10000
in01s01: 10000
in01s01: 10000
na02s01: 10000
no02s01: 10000
na02s01: 10000
oa12s01: 10000
no02s01: 10000
na03s01: 10000
ao12s01: 10000
in01s01: 10000
in01s01: 10000
in01s01: 10000
oa12s01: 10000
in01s01: 10000
in01s01: 10000
in01s01: 10000
in01s01: 10000
in01s01: 10000
in01s01: 10000
in01s01: 10000
in01s01: 10000
na02s02: 10000
in01s01: 10000
in01s01: 10000
oa12s01: 10000
na02s01: 10000
no02s01: 10000
oa12s01: 10000
oa12s01: 10000
oa12s01: 10000
in01s01: 10000
oa12s01: 10000
ao12s01: 10000
na02s01: 10000
na02s01: 10000
na02s01: 10000
na02s01: 10000
oa12s01: 10000
in01s01: 10000
in01s01: 10000
in01s01: 10000
oa22s01: 10000
no02s01: 10000
oa12s01: 10000
oa12s01: 10000
in01s01: 10000
no03s02: 10000
in01s01: 10000
ao22s01: 10000
ao22s01: 10000
ao22s01: 10000
ao22s01: 10000
ao22s01: 10000
ao22s01: 10000
ao22s01: 10000
na02s01: 10000
oa12s01: 10000
oa22s01: 10000
in01s06: 10000
in01s02: 10000
no02s01: 10000
in01s01: 10000
na02s01: 10000
in01s01: 10000
no02s01: 10000
in01s01: 10000
in01s01: 10000
in01s01: 10000
oa12s01: 10000
na02s01: 10000
na02s01: 10000
in01s01: 10000
in01s01: 10000
in01s01: 10000
in01s01: 10000
in01s01: 10000
in01s01: 10000
in01s01: 10000
in01s02: 10000
in01s01: 10000
in01s01: 10000
in01s01: 10000
in01s01: 10000
in01s01: 10000
na02s01: 10000
no03s01: 10000
in01s01: 10000
oa12s01: 10000
in01s01: 10000
in01s01: 10000
na03s01: 10000
in01s01: 10000
in01s01: 10000
no02s01: 10000
in01s01: 10000
in01s01: 10000
na02s01: 10000
in01s01: 10000
in01s01: 10000
in01s01: 10000
in01s01: 10000
in01s01: 10000
in01s01: 10000
in01s01: 10000
in01s01: 10000
in01s01: 10000
in01s01: 10000
in01s01: 10000
in01s01: 10000
in01s01: 10000
in01s01: 10000
in01s01: 10000
in01s01: 10000
in01s01: 10000
no03s02: 10000
no02s02: 10000
na02s01: 10000
in01s01: 10000
no02s01: 10000
in01s01: 10000
no02s01: 10000
oa12s01: 10000
in01s01: 10000
in01s01: 10000
na02s01: 10000
na02s01: 10000
no02s02: 10000
in01s01: 10000
in01s01: 10000
na02s01: 10000
no02s01: 10000
ao12s01: 10000
oa12s01: 10000
oa22s01: 10000
oa22s01: 10000
ao12s01: 10000
ao22s01: 10000
no02s01: 10000
no02s01: 10000
no02s01: 10000
in01s01: 10000
na02s02: 10000
no03s02: 10000
no03s01: 10000
oa22s01: 10000
oa22s01: 10000
ao22s01: 10000
no02s01: 10000
na02s01: 10000
no02s01: 10000
no02s01: 10000
n