###############################################################
#  Generated by:      Cadence Innovus 15.23-s045_1
#  OS:                Linux x86_64(Host ID ieng6-ece-11.ucsd.edu)
#  Generated on:      Wed Feb 28 16:29:31 2018
#  Design:            usb_phy
#  Command:           report_timing > usb_phy_timing.rpt
###############################################################
Path 1: VIOLATED Setup Check with Pin i_tx_phy_one_cnt_reg_1_/ck 
Endpoint:   i_tx_phy_one_cnt_reg_1_/d (^) checked with  leading edge of 'clk'
Beginpoint: i_tx_phy_one_cnt_reg_1_/o (v) triggered by  leading edge of 'clk'
Path Groups: {clk}
Analysis View: WC_VIEW
Other End Arrival Time          0.000
- Setup                         0.000
+ Phase Shift                 350.000
+ CPPR Adjustment               0.000
= Required Time               350.000
- Arrival Time                351.000
= Slack Time                   -1.000
     Clock Rise Edge                 0.000
     + Clock Network Latency (Ideal) 0.000
     = Beginpoint Arrival Time       0.000
     +-------------------------------------------------------------------------------+ 
     |        Instance         |     Arc     |  Cell   |  Delay | Arrival | Required | 
     |                         |             |         |        |  Time   |   Time   | 
     |-------------------------+-------------+---------+--------+---------+----------| 
     | i_tx_phy_one_cnt_reg_1_ | ck ^        |         |        |   0.000 |   -1.000 | 
     | i_tx_phy_one_cnt_reg_1_ | ck ^ -> o v | ms00f80 | 16.200 |  16.200 |   15.200 | 
     | U613                    | a v -> o ^  | in01m01 | 39.700 |  55.900 |   54.900 | 
     | U452                    | b ^ -> o v  | no03s03 | 63.200 | 119.100 |  118.100 | 
     | U458                    | b v -> o ^  | no02s03 | 61.600 | 180.700 |  179.700 | 
     | U417                    | a ^ -> o v  | na02s03 | 55.900 | 236.600 |  235.600 | 
     | U415                    | a v -> o ^  | no02s02 | 41.700 | 278.300 |  277.300 | 
     | U436                    | b ^ -> o v  | oa12s02 | 36.800 | 315.100 |  314.100 | 
     | U744                    | a v -> o ^  | oa12s01 | 35.900 | 351.000 |  350.000 | 
     | i_tx_phy_one_cnt_reg_1_ | d ^         | ms00f80 |  0.000 | 351.000 |  350.000 | 
     +-------------------------------------------------------------------------------+ 

