###############################################################
#  Generated by:      Cadence Innovus 15.23-s045_1
#  OS:                Linux x86_64(Host ID ieng6-ece-11.ucsd.edu)
#  Generated on:      Sat Mar  3 18:02:30 2018
#  Design:            mpeg2_top
#  Command:           report_timing > mpeg2_top_size_timing.rpt
###############################################################
Path 1: MET Setup Check with Pin regtop_g_mem_rd_r_reg_7_/ck 
Endpoint:   regtop_g_mem_rd_r_reg_7_/d (v) checked with  leading edge of 'clk'
Beginpoint: regtop_v1_hdi00_a_reg_5_/o (^) triggered by  leading edge of 'clk'
Path Groups: {clk}
Analysis View: WC_VIEW
Other End Arrival Time          0.000
- Setup                         0.000
+ Phase Shift                 840.000
+ CPPR Adjustment               0.000
= Required Time               840.000
- Arrival Time                833.400
= Slack Time                    6.600
     Clock Rise Edge                 0.000
     + Clock Network Latency (Ideal) 0.000
     = Beginpoint Arrival Time       0.000
     +---------------------------------------------------------------------------------+ 
     |         Instance         |     Arc     |  Cell   |  Delay  | Arrival | Required | 
     |                          |             |         |         |  Time   |   Time   | 
     |--------------------------+-------------+---------+---------+---------+----------| 
     | regtop_v1_hdi00_a_reg_5_ | ck ^        |         |         |   0.000 |    6.600 | 
     | regtop_v1_hdi00_a_reg_5_ | ck ^ -> o ^ | ms00f80 |  17.100 |  17.100 |   23.700 | 
     | U262961                  | a ^ -> o v  | in01m03 |  44.700 |  61.800 |   68.400 | 
     | U261667                  | c v -> o ^  | na03m01 |  35.200 |  97.000 |  103.600 | 
     | FE_OFC27_n251337         | a ^ -> o v  | in01f01 |  40.600 | 137.600 |  144.200 | 
     | FE_OFC28_n251337         | a v -> o ^  | in01m06 |  45.200 | 182.800 |  189.400 | 
     | U266782                  | b ^ -> o v  | no02s01 |  37.200 | 220.000 |  226.600 | 
     | FE_OFC71_n248119         | a v -> o ^  | in01m01 |  63.800 | 283.800 |  290.400 | 
     | FE_OFC72_n248119         | a ^ -> o v  | in01s03 |  68.700 | 352.500 |  359.100 | 
     | U267719                  | a v -> o ^  | ao22s01 | 100.500 | 453.000 |  459.600 | 
     | U265090                  | c ^ -> o v  | na04s03 | 113.400 | 566.400 |  573.000 | 
     | U265088                  | a v -> o ^  | no04m01 | 168.700 | 735.100 |  741.700 | 
     | U267748                  | a ^ -> o v  | na02m02 |  98.300 | 833.400 |  840.000 | 
     | regtop_g_mem_rd_r_reg_7_ | d v         | ms00f80 |   0.000 | 833.400 |  840.000 | 
     +---------------------------------------------------------------------------------+ 

